APICloudModuleSDK/moduleDemo/build/outputs/logs/manifest-merger-release-report.txt
-- Merging decision tree log ---
manifest
ADDED from src\main\AndroidManifest.xml:1:1-19:12
INJECTED from src\main\AndroidManifest.xml:1:1-19:12
INJECTED from src\main\AndroidManifest.xml:1:1-19:12
INJECTED from src\main\AndroidManifest.xml:1:1-19:12
INJECTED from src\main\AndroidManifest.xml:1:1-19:12
INJECTED from src\main\AndroidManifest.xml:1:1-19:12
INJECTED from src\main\AndroidManifest.xml:1:1-19:12
	package
		ADDED from src\main\AndroidManifest.xml:3:5-42
		INJECTED from src\main\AndroidManifest.xml
		INJECTED from src\main\AndroidManifest.xml
	android:versionName
		INJECTED from src\main\AndroidManifest.xml
		ADDED from src\main\AndroidManifest.xml:1:1-19:12
		INJECTED from src\main\AndroidManifest.xml
	android:versionCode
		INJECTED from src\main\AndroidManifest.xml
		ADDED from src\main\AndroidManifest.xml:1:1-19:12
		INJECTED from src\main\AndroidManifest.xml
	xmlns:android
		ADDED from src\main\AndroidManifest.xml:1:11-69
uses-permission#android.permission.VIBRATE
ADDED from src\main\AndroidManifest.xml:5:5-66
	android:name
		ADDED from src\main\AndroidManifest.xml:5:22-63
application
ADDED from src\main\AndroidManifest.xml:7:5-17:19
	android:supportsRtl
		ADDED from src\main\AndroidManifest.xml:9:9-35
	android:label
		ADDED from src\main\AndroidManifest.xml:8:9-41
	android:allowBackup
		ADDED from src\main\AndroidManifest.xml:7:18-44
activity#com.apicloud.moduleDemo.DemoActivity
ADDED from src\main\AndroidManifest.xml:11:9-15:58
	android:screenOrientation
		ADDED from src\main\AndroidManifest.xml:13:13-49
	android:configChanges
		ADDED from src\main\AndroidManifest.xml:15:13-55
	android:theme
		ADDED from src\main\AndroidManifest.xml:14:13-81
	android:name
		ADDED from src\main\AndroidManifest.xml:12:13-64
uses-sdk
INJECTED from src\main\AndroidManifest.xml reason: use-sdk injection requested
INJECTED from src\main\AndroidManifest.xml
INJECTED from src\main\AndroidManifest.xml
INJECTED from src\main\AndroidManifest.xml
INJECTED from src\main\AndroidManifest.xml
	android:targetSdkVersion
		INJECTED from src\main\AndroidManifest.xml
		ADDED from src\main\AndroidManifest.xml
		INJECTED from src\main\AndroidManifest.xml
	android:minSdkVersion
		INJECTED from src\main\AndroidManifest.xml
		ADDED from src\main\AndroidManifest.xml
		INJECTED from src\main\AndroidManifest.xml